<?xml version="1.0" encoding="UTF-8"?>
<!-- Generated by org.testng.reporters.JUnitXMLReporter -->
<testsuite hostname="D4J0PT2" ignored="0" name="Test" tests="1" failures="1" timestamp="08 Aug 2021 09:26:00 GMT" time="28.342" errors="0">
  <testcase name="ValidateNavbarM" time="2.105" classname="Academy.ValidateNavbar">
    <failure type="junit.framework.AssertionFailedError">
      <![CDATA[junit.framework.AssertionFailedError
	at junit.framework.Assert.fail(Assert.java:55)
	at junit.framework.Assert.assertTrue(Assert.java:22)
	at junit.framework.Assert.assertTrue(Assert.java:31)
	at Academy.ValidateNavbar.ValidateNavbarM(ValidateNavbar.java:40)
	at java.util.concurrent.FutureTask.run(Unknown Source)
	at java.util.concurrent.ThreadPoolExecutor.runWorker(Unknown Source)
	at java.util.concurrent.ThreadPoolExecutor$Worker.run(Unknown Source)
	at java.lang.Thread.run(Unknown Source)
... Removed 16 stack frames]]>
    </failure>
  </testcase> <!-- ValidateNavbarM -->
</testsuite> <!-- Test -->
