<?xml version="1.0" encoding="UTF-8"?>
<!-- Generated by org.testng.reporters.JUnitXMLReporter -->
<testsuite hostname="D4J0PT2" ignored="0" name="Validating user login" tests="0" failures="0" timestamp="08 Aug 2021 09:35:12 GMT" time="0.087" errors="0">
  <testcase name="@BeforeClass setUpClass" time="0.072" classname="io.cucumber.testng.AbstractTestNGCucumberTests">
    <failure type="java.lang.BootstrapMethodError" message="java.lang.NoClassDefFoundError: io/cucumber/core/options/CucumberPropertiesProvider">
      <![CDATA[java.lang.BootstrapMethodError: java.lang.NoClassDefFoundError: io/cucumber/core/options/CucumberPropertiesProvider
	at io.cucumber.testng.TestNGCucumberRunner.<init>(TestNGCucumberRunner.java:90)
	at io.cucumber.testng.TestNGCucumberRunner.<init>(TestNGCucumberRunner.java:66)
	at io.cucumber.testng.AbstractTestNGCucumberTests.setUpClass(AbstractTestNGCucumberTests.java:23)
	at java.util.concurrent.FutureTask.run(Unknown Source)
	at java.util.concurrent.ThreadPoolExecutor.runWorker(Unknown Source)
	at java.util.concurrent.ThreadPoolExecutor$Worker.run(Unknown Source)
	at java.lang.Thread.run(Unknown Source)
Caused by: java.lang.NoClassDefFoundError: io/cucumber/core/options/CucumberPropertiesProvider
	... 23 more
Caused by: java.lang.ClassNotFoundException: io.cucumber.core.options.CucumberPropertiesProvider
	at java.net.URLClassLoader.findClass(Unknown Source)
	at java.lang.ClassLoader.loadClass(Unknown Source)
	at sun.misc.Launcher$AppClassLoader.loadClass(Unknown Source)
	at java.lang.ClassLoader.loadClass(Unknown Source)
	... 23 more
... Removed 16 stack frames]]>
    </failure>
  </testcase> <!-- @BeforeClass setUpClass -->
</testsuite> <!-- Validating user login -->
