<?xml version="1.0" encoding="UTF-8"?>
<testng-results skipped="0" failed="0" ignored="0" total="0" passed="0">
  <reporter-output>
  </reporter-output>
  <suite name="Suite" duration-ms="87" started-at="2021-08-08T09:35:12Z" finished-at="2021-08-08T09:35:12Z">
    <groups>
      <group name="cucumber">
        <method signature="AbstractTestNGCucumberTests.runScenario(io.cucumber.testng.PickleWrapper, io.cucumber.testng.FeatureWrapper)[pri:0, instance:cucumberOptions.TestRunner@6646153]" name="runScenario" class="io.cucumber.testng.AbstractTestNGCucumberTests"/>
      </group> <!-- cucumber -->
    </groups>
    <test name="Validating user login" duration-ms="87" started-at="2021-08-08T09:35:12Z" finished-at="2021-08-08T09:35:12Z">
      <class name="cucumberOptions.TestRunner">
        <test-method status="FAIL" signature="setUpClass()[pri:0, instance:cucumberOptions.TestRunner@6646153]" name="setUpClass" is-config="true" duration-ms="72" started-at="2021-08-08T15:05:12Z" finished-at="2021-08-08T15:05:12Z">
          <exception class="java.lang.BootstrapMethodError">
            <message>
              <![CDATA[java.lang.NoClassDefFoundError: io/cucumber/core/options/CucumberPropertiesProvider]]>
            </message>
            <full-stacktrace>
              <![CDATA[java.lang.BootstrapMethodError: java.lang.NoClassDefFoundError: io/cucumber/core/options/CucumberPropertiesProvider
	at io.cucumber.testng.TestNGCucumberRunner.<init>(TestNGCucumberRunner.java:90)
	at io.cucumber.testng.TestNGCucumberRunner.<init>(TestNGCucumberRunner.java:66)
	at io.cucumber.testng.AbstractTestNGCucumberTests.setUpClass(AbstractTestNGCucumberTests.java:23)
	at sun.reflect.NativeMethodAccessorImpl.invoke0(Native Method)
	at sun.reflect.NativeMethodAccessorImpl.invoke(Unknown Source)
	at sun.reflect.DelegatingMethodAccessorImpl.invoke(Unknown Source)
	at java.lang.reflect.Method.invoke(Unknown Source)
	at org.testng.internal.MethodInvocationHelper.invokeMethod(MethodInvocationHelper.java:108)
	at org.testng.internal.Invoker.invokeConfigurationMethod(Invoker.java:523)
	at org.testng.internal.Invoker.invokeConfigurations(Invoker.java:224)
	at org.testng.internal.Invoker.invokeConfigurations(Invoker.java:146)
	at org.testng.internal.TestMethodWorker.invokeBeforeClassMethods(TestMethodWorker.java:166)
	at org.testng.internal.TestMethodWorker.run(TestMethodWorker.java:105)
	at org.testng.TestRunner.privateRun(TestRunner.java:744)
	at org.testng.TestRunner.run(TestRunner.java:602)
	at org.testng.SuiteRunner.runTest(SuiteRunner.java:380)
	at org.testng.SuiteRunner.access$000(SuiteRunner.java:39)
	at org.testng.SuiteRunner$SuiteWorker.run(SuiteRunner.java:414)
	at org.testng.internal.thread.ThreadUtil$1.call(ThreadUtil.java:52)
	at java.util.concurrent.FutureTask.run(Unknown Source)
	at java.util.concurrent.ThreadPoolExecutor.runWorker(Unknown Source)
	at java.util.concurrent.ThreadPoolExecutor$Worker.run(Unknown Source)
	at java.lang.Thread.run(Unknown Source)
Caused by: java.lang.NoClassDefFoundError: io/cucumber/core/options/CucumberPropertiesProvider
	... 23 more
Caused by: java.lang.ClassNotFoundException: io.cucumber.core.options.CucumberPropertiesProvider
	at java.net.URLClassLoader.findClass(Unknown Source)
	at java.lang.ClassLoader.loadClass(Unknown Source)
	at sun.misc.Launcher$AppClassLoader.loadClass(Unknown Source)
	at java.lang.ClassLoader.loadClass(Unknown Source)
	... 23 more
]]>
            </full-stacktrace>
          </exception> <!-- java.lang.BootstrapMethodError -->
          <reporter-output>
          </reporter-output>
        </test-method> <!-- setUpClass -->
        <test-method status="PASS" signature="tearDownClass()[pri:0, instance:cucumberOptions.TestRunner@6646153]" name="tearDownClass" is-config="true" duration-ms="0" started-at="2021-08-08T15:05:12Z" finished-at="2021-08-08T15:05:12Z">
          <reporter-output>
          </reporter-output>
        </test-method> <!-- tearDownClass -->
      </class> <!-- cucumberOptions.TestRunner -->
    </test> <!-- Validating user login -->
  </suite> <!-- Suite -->
</testng-results>
